2015/09/30 13:53:16 [error] [exception.CHttpException.403] exception 'CHttpException' with message 'You are not allowed to access this page.' in /var/www/yii_install/framework/gii/GiiModule.php:170
Stack trace:
#0 /var/www/yii_install/framework/web/CController.php(263): GiiModule->beforeControllerAction(Object(DefaultController), Object(CInlineAction))
#1 /var/www/yii_install/framework/web/CWebApplication.php(282): CController->run('')
#2 /var/www/yii_install/framework/web/CWebApplication.php(141): CWebApplication->runController('gii')
#3 /var/www/yii_install/framework/base/CApplication.php(184): CWebApplication->processRequest()
#4 /var/www/html/index.php(13): CApplication->run()
#5 {main}
REQUEST_URI=/index.php?r=gii
---
2015/09/30 13:54:10 [error] [exception.CHttpException.403] exception 'CHttpException' with message 'You are not allowed to access this page.' in /var/www/yii_install/framework/gii/GiiModule.php:170
Stack trace:
#0 /var/www/yii_install/framework/web/CController.php(263): GiiModule->beforeControllerAction(Object(DefaultController), Object(CInlineAction))
#1 /var/www/yii_install/framework/web/CWebApplication.php(282): CController->run('')
#2 /var/www/yii_install/framework/web/CWebApplication.php(141): CWebApplication->runController('gii')
#3 /var/www/yii_install/framework/base/CApplication.php(184): CWebApplication->processRequest()
#4 /var/www/html/index.php(13): CApplication->run()
#5 {main}
REQUEST_URI=/index.php?r=gii
---
2015/09/30 13:55:48 [error] [exception.CHttpException.403] exception 'CHttpException' with message 'You are not allowed to access this page.' in /var/www/yii_install/framework/gii/GiiModule.php:170
Stack trace:
#0 /var/www/yii_install/framework/web/CController.php(263): GiiModule->beforeControllerAction(Object(DefaultController), Object(CInlineAction))
#1 /var/www/yii_install/framework/web/CWebApplication.php(282): CController->run('')
#2 /var/www/yii_install/framework/web/CWebApplication.php(141): CWebApplication->runController('gii')
#3 /var/www/yii_install/framework/base/CApplication.php(184): CWebApplication->processRequest()
#4 /var/www/html/index.php(13): CApplication->run()
#5 {main}
REQUEST_URI=/index.php?r=gii
---
2015/09/30 13:55:50 [error] [exception.CHttpException.403] exception 'CHttpException' with message 'You are not allowed to access this page.' in /var/www/yii_install/framework/gii/GiiModule.php:170
Stack trace:
#0 /var/www/yii_install/framework/web/CController.php(263): GiiModule->beforeControllerAction(Object(DefaultController), Object(CInlineAction))
#1 /var/www/yii_install/framework/web/CWebApplication.php(282): CController->run('')
#2 /var/www/yii_install/framework/web/CWebApplication.php(141): CWebApplication->runController('gii')
#3 /var/www/yii_install/framework/base/CApplication.php(184): CWebApplication->processRequest()
#4 /var/www/html/index.php(13): CApplication->run()
#5 {main}
REQUEST_URI=/index.php?r=gii
---
2015/09/30 13:55:51 [error] [exception.CHttpException.403] exception 'CHttpException' with message 'You are not allowed to access this page.' in /var/www/yii_install/framework/gii/GiiModule.php:170
Stack trace:
#0 /var/www/yii_install/framework/web/CController.php(263): GiiModule->beforeControllerAction(Object(DefaultController), Object(CInlineAction))
#1 /var/www/yii_install/framework/web/CWebApplication.php(282): CController->run('')
#2 /var/www/yii_install/framework/web/CWebApplication.php(141): CWebApplication->runController('gii')
#3 /var/www/yii_install/framework/base/CApplication.php(184): CWebApplication->processRequest()
#4 /var/www/html/index.php(13): CApplication->run()
#5 {main}
REQUEST_URI=/index.php?r=gii
---
2015/09/30 13:56:16 [error] [exception.CDbException] exception 'CDbException' with message 'CDbConnection failed to open the DB connection: SQLSTATE[42000] [1049] Unknown database 'db_book'' in /var/www/yii_install/framework/db/CDbConnection.php:399
Stack trace:
#0 /var/www/yii_install/framework/db/CDbConnection.php(347): CDbConnection->open()
#1 /var/www/yii_install/framework/db/CDbConnection.php(325): CDbConnection->setActive(true)
#2 /var/www/yii_install/framework/base/CModule.php(394): CDbConnection->init()
#3 /var/www/yii_install/framework/base/CModule.php(103): CModule->getComponent('db')
#4 /var/www/yii_install/framework/gii/generators/model/ModelCode.php(60): CModule->__get('db')
#5 /var/www/yii_install/framework/web/CFormModel.php(39): ModelCode->init()
#6 /var/www/yii_install/framework/gii/CCodeGenerator.php(153): CFormModel->__construct()
#7 /var/www/yii_install/framework/gii/CCodeGenerator.php(63): CCodeGenerator->prepare()
#8 /var/www/yii_install/framework/web/actions/CInlineAction.php(49): CCodeGenerator->actionIndex()
#9 /var/www/yii_install/framework/web/CController.php(308): CInlineAction->runWithParams(Array)
#10 /var/www/yii_install/framework/web/CController.php(286): CController->runAction(Object(CInlineAction))
#11 /var/www/yii_install/framework/web/CController.php(265): CController->runActionWithFilters(Object(CInlineAction), Array)
#12 /var/www/yii_install/framework/web/CWebApplication.php(282): CController->run('index')
#13 /var/www/yii_install/framework/web/CWebApplication.php(141): CWebApplication->runController('gii/model/index')
#14 /var/www/yii_install/framework/base/CApplication.php(184): CWebApplication->processRequest()
#15 /var/www/html/index.php(13): CApplication->run()
#16 {main}
REQUEST_URI=/index.php?r=gii/model/index
HTTP_REFERER=http://localhost/index.php?r=gii/default/index
---
2015/10/01 14:14:18 [error] [php] Undefined variable: authors (/var/www/html/protected/controllers/SiteController.php:35)
Stack trace:
#0 /var/www/yii_install/framework/web/CController.php(286): SiteController->runAction()
#1 /var/www/yii_install/framework/web/CController.php(265): SiteController->runActionWithFilters()
#2 /var/www/yii_install/framework/web/CWebApplication.php(282): SiteController->run()
#3 /var/www/yii_install/framework/web/CWebApplication.php(141): CWebApplication->runController()
#4 /var/www/yii_install/framework/base/CApplication.php(184): CWebApplication->processRequest()
#5 /var/www/html/index.php(13): CWebApplication->run()
REQUEST_URI=/
in /var/www/html/protected/controllers/SiteController.php (35)
in /var/www/html/index.php (13)
2015/10/01 14:16:58 [error] [php] Invalid argument supplied for foreach() (/var/www/html/protected/views/site/index.php:10)
Stack trace:
#0 /var/www/yii_install/framework/web/CController.php(869): SiteController->renderFile()
#1 /var/www/yii_install/framework/web/CController.php(782): SiteController->renderPartial()
#2 /var/www/html/protected/controllers/SiteController.php(39): SiteController->render()
#3 /var/www/yii_install/framework/web/actions/CInlineAction.php(49): SiteController->actionIndex()
#4 /var/www/yii_install/framework/web/CController.php(308): CInlineAction->runWithParams()
#5 /var/www/yii_install/framework/web/CController.php(286): SiteController->runAction()
#6 /var/www/yii_install/framework/web/CController.php(265): SiteController->runActionWithFilters()
#7 /var/www/yii_install/framework/web/CWebApplication.php(282): SiteController->run()
#8 /var/www/yii_install/framework/web/CWebApplication.php(141): CWebApplication->runController()
#9 /var/www/yii_install/framework/base/CApplication.php(184): CWebApplication->processRequest()
#10 /var/www/html/index.php(13): CWebApplication->run()
REQUEST_URI=/
in /var/www/html/protected/views/site/index.php (10)
in /var/www/html/protected/controllers/SiteController.php (39)
in /var/www/html/index.php (13)
2015/10/01 14:17:49 [error] [php] Invalid argument supplied for foreach() (/var/www/html/protected/views/site/index.php:10)
Stack trace:
#0 /var/www/yii_install/framework/web/CController.php(869): SiteController->renderFile()
#1 /var/www/yii_install/framework/web/CController.php(782): SiteController->renderPartial()
#2 /var/www/html/protected/controllers/SiteController.php(39): SiteController->render()
#3 /var/www/yii_install/framework/web/actions/CInlineAction.php(49): SiteController->actionIndex()
#4 /var/www/yii_install/framework/web/CController.php(308): CInlineAction->runWithParams()
#5 /var/www/yii_install/framework/web/CController.php(286): SiteController->runAction()
#6 /var/www/yii_install/framework/web/CController.php(265): SiteController->runActionWithFilters()
#7 /var/www/yii_install/framework/web/CWebApplication.php(282): SiteController->run()
#8 /var/www/yii_install/framework/web/CWebApplication.php(141): CWebApplication->runController()
#9 /var/www/yii_install/framework/base/CApplication.php(184): CWebApplication->processRequest()
#10 /var/www/html/index.php(13): CWebApplication->run()
REQUEST_URI=/
in /var/www/html/protected/views/site/index.php (10)
in /var/www/html/protected/controllers/SiteController.php (39)
in /var/www/html/index.php (13)
2015/10/02 09:50:07 [error] [php] require(/var/www/html/protected/views/site/index.php): failed to open stream: Permission denied (/var/www/yii_install/framework/web/CBaseController.php:126)
Stack trace:
#0 /var/www/yii_install/framework/web/CController.php(869): SiteController->renderFile()
#1 /var/www/yii_install/framework/web/CController.php(782): SiteController->renderPartial()
#2 /var/www/html/protected/controllers/SiteController.php(37): SiteController->render()
#3 /var/www/yii_install/framework/web/actions/CInlineAction.php(49): SiteController->actionIndex()
#4 /var/www/yii_install/framework/web/CController.php(308): CInlineAction->runWithParams()
#5 /var/www/yii_install/framework/web/CController.php(286): SiteController->runAction()
#6 /var/www/yii_install/framework/web/CController.php(265): SiteController->runActionWithFilters()
#7 /var/www/yii_install/framework/web/CWebApplication.php(282): SiteController->run()
#8 /var/www/yii_install/framework/web/CWebApplication.php(141): CWebApplication->runController()
#9 /var/www/yii_install/framework/base/CApplication.php(184): CWebApplication->processRequest()
#10 /var/www/html/index.php(13): CWebApplication->run()
REQUEST_URI=/index.php?r=site/index
in /var/www/html/protected/controllers/SiteController.php (37)
in /var/www/html/index.php (13)
2015/10/02 09:51:49 [error] [php] Undefined variable: qwe (/var/www/html/protected/views/site/index.php:7)
Stack trace:
#0 /var/www/yii_install/framework/web/CController.php(869): SiteController->renderFile()
#1 /var/www/yii_install/framework/web/CController.php(782): SiteController->renderPartial()
#2 /var/www/html/protected/controllers/SiteController.php(37): SiteController->render()
#3 /var/www/yii_install/framework/web/actions/CInlineAction.php(49): SiteController->actionIndex()
#4 /var/www/yii_install/framework/web/CController.php(308): CInlineAction->runWithParams()
#5 /var/www/yii_install/framework/web/CController.php(286): SiteController->runAction()
#6 /var/www/yii_install/framework/web/CController.php(265): SiteController->runActionWithFilters()
#7 /var/www/yii_install/framework/web/CWebApplication.php(282): SiteController->run()
#8 /var/www/yii_install/framework/web/CWebApplication.php(141): CWebApplication->runController()
#9 /var/www/yii_install/framework/base/CApplication.php(184): CWebApplication->processRequest()
#10 /var/www/html/index.php(13): CWebApplication->run()
REQUEST_URI=/index.php?r=site/index
in /var/www/html/protected/views/site/index.php (7)
in /var/www/html/protected/controllers/SiteController.php (37)
in /var/www/html/index.php (13)
2015/10/02 09:53:57 [error] [php] Undefined variable: qwe (/var/www/html/protected/views/site/index.php:7)
Stack trace:
#0 /var/www/yii_install/framework/web/CController.php(869): SiteController->renderFile()
#1 /var/www/yii_install/framework/web/CController.php(782): SiteController->renderPartial()
#2 /var/www/html/protected/controllers/SiteController.php(54): SiteController->render()
#3 /var/www/yii_install/framework/web/actions/CInlineAction.php(49): SiteController->actionIndex()
#4 /var/www/yii_install/framework/web/CController.php(308): CInlineAction->runWithParams()
#5 /var/www/yii_install/framework/web/CController.php(286): SiteController->runAction()
#6 /var/www/yii_install/framework/web/CController.php(265): SiteController->runActionWithFilters()
#7 /var/www/yii_install/framework/web/CWebApplication.php(282): SiteController->run()
#8 /var/www/yii_install/framework/web/CWebApplication.php(141): CWebApplication->runController()
#9 /var/www/yii_install/framework/base/CApplication.php(184): CWebApplication->processRequest()
#10 /var/www/html/index.php(13): CWebApplication->run()
REQUEST_URI=/index.php?r=site/index
in /var/www/html/protected/views/site/index.php (7)
in /var/www/html/protected/controllers/SiteController.php (54)
in /var/www/html/index.php (13)
2015/10/02 09:54:46 [error] [php] Undefined variable: qwe (/var/www/html/protected/views/site/index.php:7)
Stack trace:
#0 /var/www/yii_install/framework/web/CController.php(869): SiteController->renderFile()
#1 /var/www/yii_install/framework/web/CController.php(782): SiteController->renderPartial()
#2 /var/www/html/protected/controllers/SiteController.php(54): SiteController->render()
#3 /var/www/yii_install/framework/web/actions/CInlineAction.php(49): SiteController->actionIndex()
#4 /var/www/yii_install/framework/web/CController.php(308): CInlineAction->runWithParams()
#5 /var/www/yii_install/framework/web/CController.php(286): SiteController->runAction()
#6 /var/www/yii_install/framework/web/CController.php(265): SiteController->runActionWithFilters()
#7 /var/www/yii_install/framework/web/CWebApplication.php(282): SiteController->run()
#8 /var/www/yii_install/framework/web/CWebApplication.php(141): CWebApplication->runController()
#9 /var/www/yii_install/framework/base/CApplication.php(184): CWebApplication->processRequest()
#10 /var/www/html/index.php(13): CWebApplication->run()
REQUEST_URI=/index.php?r=site/index
in /var/www/html/protected/views/site/index.php (7)
in /var/www/html/protected/controllers/SiteController.php (54)
in /var/www/html/index.php (13)
2015/10/02 09:54:48 [error] [php] Undefined variable: qwe (/var/www/html/protected/views/site/index.php:7)
Stack trace:
#0 /var/www/yii_install/framework/web/CController.php(869): SiteController->renderFile()
#1 /var/www/yii_install/framework/web/CController.php(782): SiteController->renderPartial()
#2 /var/www/html/protected/controllers/SiteController.php(54): SiteController->render()
#3 /var/www/yii_install/framework/web/actions/CInlineAction.php(49): SiteController->actionIndex()
#4 /var/www/yii_install/framework/web/CController.php(308): CInlineAction->runWithParams()
#5 /var/www/yii_install/framework/web/CController.php(286): SiteController->runAction()
#6 /var/www/yii_install/framework/web/CController.php(265): SiteController->runActionWithFilters()
#7 /var/www/yii_install/framework/web/CWebApplication.php(282): SiteController->run()
#8 /var/www/yii_install/framework/web/CWebApplication.php(141): CWebApplication->runController()
#9 /var/www/yii_install/framework/base/CApplication.php(184): CWebApplication->processRequest()
#10 /var/www/html/index.php(13): CWebApplication->run()
REQUEST_URI=/index.php?r=site/index
in /var/www/html/protected/views/site/index.php (7)
in /var/www/html/protected/controllers/SiteController.php (54)
in /var/www/html/index.php (13)
2015/10/02 10:00:43 [error] [php] Missing argument 2 for SiteController::insert(), called in /var/www/html/protected/controllers/SiteController.php on line 47 and defined (/var/www/html/protected/controllers/SiteController.php:84)
Stack trace:
#0 /var/www/yii_install/framework/web/CController.php(308): CInlineAction->runWithParams()
#1 /var/www/yii_install/framework/web/CController.php(286): SiteController->runAction()
#2 /var/www/yii_install/framework/web/CController.php(265): SiteController->runActionWithFilters()
#3 /var/www/yii_install/framework/web/CWebApplication.php(282): SiteController->run()
#4 /var/www/yii_install/framework/web/CWebApplication.php(141): CWebApplication->runController()
#5 /var/www/yii_install/framework/base/CApplication.php(184): CWebApplication->processRequest()
#6 /var/www/html/index.php(13): CWebApplication->run()
REQUEST_URI=/index.php?r=site/index
in /var/www/html/protected/controllers/SiteController.php (84)
in /var/www/html/protected/controllers/SiteController.php (47)
in /var/www/html/index.php (13)
2015/10/02 10:03:58 [error] [php] include(AccountUserSocialLogin.php): failed to open stream: No such file or directory (/var/www/yii_install/framework/YiiBase.php:432)
Stack trace:
#0 /var/www/html/protected/controllers/SiteController.php(90): spl_autoload_call()
#1 /var/www/html/protected/controllers/SiteController.php(51): SiteController->insert()
#2 /var/www/yii_install/framework/web/actions/CInlineAction.php(49): SiteController->actionIndex()
#3 /var/www/yii_install/framework/web/CController.php(308): CInlineAction->runWithParams()
#4 /var/www/yii_install/framework/web/CController.php(286): SiteController->runAction()
#5 /var/www/yii_install/framework/web/CController.php(265): SiteController->runActionWithFilters()
#6 /var/www/yii_install/framework/web/CWebApplication.php(282): SiteController->run()
#7 /var/www/yii_install/framework/web/CWebApplication.php(141): CWebApplication->runController()
#8 /var/www/yii_install/framework/base/CApplication.php(184): CWebApplication->processRequest()
#9 /var/www/html/index.php(13): CWebApplication->run()
REQUEST_URI=/index.php?r=site/index
in /var/www/html/protected/controllers/SiteController.php (90)
in /var/www/html/protected/controllers/SiteController.php (51)
in /var/www/html/index.php (13)
2015/10/02 10:04:20 [error] [php] include(AccountUserSocialLogin.php): failed to open stream: No such file or directory (/var/www/yii_install/framework/YiiBase.php:432)
Stack trace:
#0 /var/www/html/protected/controllers/SiteController.php(90): spl_autoload_call()
#1 /var/www/html/protected/controllers/SiteController.php(51): SiteController->insert()
#2 /var/www/yii_install/framework/web/actions/CInlineAction.php(49): SiteController->actionIndex()
#3 /var/www/yii_install/framework/web/CController.php(308): CInlineAction->runWithParams()
#4 /var/www/yii_install/framework/web/CController.php(286): SiteController->runAction()
#5 /var/www/yii_install/framework/web/CController.php(265): SiteController->runActionWithFilters()
#6 /var/www/yii_install/framework/web/CWebApplication.php(282): SiteController->run()
#7 /var/www/yii_install/framework/web/CWebApplication.php(141): CWebApplication->runController()
#8 /var/www/yii_install/framework/base/CApplication.php(184): CWebApplication->processRequest()
#9 /var/www/html/index.php(13): CWebApplication->run()
REQUEST_URI=/index.php?r=site/index
in /var/www/html/protected/controllers/SiteController.php (90)
in /var/www/html/protected/controllers/SiteController.php (51)
in /var/www/html/index.php (13)
2015/10/02 10:05:54 [error] [php] include(AccountUserSocialLogin.php): failed to open stream: No such file or directory (/var/www/yii_install/framework/YiiBase.php:432)
Stack trace:
#0 /var/www/html/protected/controllers/SiteController.php(90): spl_autoload_call()
#1 /var/www/html/protected/controllers/SiteController.php(51): SiteController->insert()
#2 /var/www/yii_install/framework/web/actions/CInlineAction.php(49): SiteController->actionIndex()
#3 /var/www/yii_install/framework/web/CController.php(308): CInlineAction->runWithParams()
#4 /var/www/yii_install/framework/web/CController.php(286): SiteController->runAction()
#5 /var/www/yii_install/framework/web/CController.php(265): SiteController->runActionWithFilters()
#6 /var/www/yii_install/framework/web/CWebApplication.php(282): SiteController->run()
#7 /var/www/yii_install/framework/web/CWebApplication.php(141): CWebApplication->runController()
#8 /var/www/yii_install/framework/base/CApplication.php(184): CWebApplication->processRequest()
#9 /var/www/html/index.php(13): CWebApplication->run()
REQUEST_URI=/index.php?r=site/index
in /var/www/html/protected/controllers/SiteController.php (90)
in /var/www/html/protected/controllers/SiteController.php (51)
in /var/www/html/index.php (13)
2015/10/02 10:06:56 [error] [php] Array to string conversion (/var/www/html/protected/views/site/index.php:7)
Stack trace:
#0 /var/www/yii_install/framework/web/CController.php(869): SiteController->renderFile()
#1 /var/www/yii_install/framework/web/CController.php(782): SiteController->renderPartial()
#2 /var/www/html/protected/controllers/SiteController.php(58): SiteController->render()
#3 /var/www/yii_install/framework/web/actions/CInlineAction.php(49): SiteController->actionIndex()
#4 /var/www/yii_install/framework/web/CController.php(308): CInlineAction->runWithParams()
#5 /var/www/yii_install/framework/web/CController.php(286): SiteController->runAction()
#6 /var/www/yii_install/framework/web/CController.php(265): SiteController->runActionWithFilters()
#7 /var/www/yii_install/framework/web/CWebApplication.php(282): SiteController->run()
#8 /var/www/yii_install/framework/web/CWebApplication.php(141): CWebApplication->runController()
#9 /var/www/yii_install/framework/base/CApplication.php(184): CWebApplication->processRequest()
#10 /var/www/html/index.php(13): CWebApplication->run()
REQUEST_URI=/index.php?r=site/index
in /var/www/html/protected/views/site/index.php (7)
in /var/www/html/protected/controllers/SiteController.php (58)
in /var/www/html/index.php (13)
2015/10/02 10:09:36 [error] [php] Creating default object from empty value (/var/www/html/protected/controllers/SiteController.php:81)
Stack trace:
#0 /var/www/yii_install/framework/web/CController.php(308): CInlineAction->runWithParams()
#1 /var/www/yii_install/framework/web/CController.php(286): SiteController->runAction()
#2 /var/www/yii_install/framework/web/CController.php(265): SiteController->runActionWithFilters()
#3 /var/www/yii_install/framework/web/CWebApplication.php(282): SiteController->run()
#4 /var/www/yii_install/framework/web/CWebApplication.php(141): CWebApplication->runController()
#5 /var/www/yii_install/framework/base/CApplication.php(184): CWebApplication->processRequest()
#6 /var/www/html/index.php(13): CWebApplication->run()
REQUEST_URI=/index.php?r=site/index
in /var/www/html/protected/controllers/SiteController.php (81)
in /var/www/html/protected/controllers/SiteController.php (48)
in /var/www/html/index.php (13)
2015/10/02 10:15:13 [error] [php] Undefined variable: name (/var/www/html/protected/views/site/index.php:8)
Stack trace:
#0 /var/www/yii_install/framework/web/CController.php(869): SiteController->renderFile()
#1 /var/www/yii_install/framework/web/CController.php(782): SiteController->renderPartial()
#2 /var/www/html/protected/controllers/SiteController.php(62): SiteController->render()
#3 /var/www/yii_install/framework/web/actions/CInlineAction.php(49): SiteController->actionIndex()
#4 /var/www/yii_install/framework/web/CController.php(308): CInlineAction->runWithParams()
#5 /var/www/yii_install/framework/web/CController.php(286): SiteController->runAction()
#6 /var/www/yii_install/framework/web/CController.php(265): SiteController->runActionWithFilters()
#7 /var/www/yii_install/framework/web/CWebApplication.php(282): SiteController->run()
#8 /var/www/yii_install/framework/web/CWebApplication.php(141): CWebApplication->runController()
#9 /var/www/yii_install/framework/base/CApplication.php(184): CWebApplication->processRequest()
#10 /var/www/html/index.php(13): CWebApplication->run()
REQUEST_URI=/index.php?r=site/index
in /var/www/html/protected/views/site/index.php (8)
in /var/www/html/protected/controllers/SiteController.php (62)
in /var/www/html/index.php (13)
2015/10/04 08:48:01 [error] [php] Undefined variable: result (/var/www/html/protected/controllers/SiteController.php:64)
Stack trace:
#0 /var/www/yii_install/framework/web/CController.php(286): SiteController->runAction()
#1 /var/www/yii_install/framework/web/CController.php(265): SiteController->runActionWithFilters()
#2 /var/www/yii_install/framework/web/CWebApplication.php(282): SiteController->run()
#3 /var/www/yii_install/framework/web/CWebApplication.php(141): CWebApplication->runController()
#4 /var/www/yii_install/framework/base/CApplication.php(184): CWebApplication->processRequest()
#5 /var/www/html/index.php(13): CWebApplication->run()
REQUEST_URI=/
in /var/www/html/protected/controllers/SiteController.php (64)
in /var/www/html/index.php (13)
2015/10/04 08:51:32 [error] [php] Undefined variable: result (/var/www/html/protected/controllers/SiteController.php:64)
Stack trace:
#0 /var/www/yii_install/framework/web/CController.php(286): SiteController->runAction()
#1 /var/www/yii_install/framework/web/CController.php(265): SiteController->runActionWithFilters()
#2 /var/www/yii_install/framework/web/CWebApplication.php(282): SiteController->run()
#3 /var/www/yii_install/framework/web/CWebApplication.php(141): CWebApplication->runController()
#4 /var/www/yii_install/framework/base/CApplication.php(184): CWebApplication->processRequest()
#5 /var/www/html/index.php(13): CWebApplication->run()
REQUEST_URI=/
in /var/www/html/protected/controllers/SiteController.php (64)
in /var/www/html/index.php (13)
2015/10/04 09:14:26 [error] [system.db.CDbCommand] CDbCommand::fetchAll() failed: SQLSTATE[HY093]: Invalid parameter number: number of bound variables does not match number of tokens. The SQL statement executed was: SELECT * FROM `db_author` `t` WHERE born = :born. Bound with :name='My_author2', :born='1111'.
in /var/www/html/protected/controllers/SiteController.php (84)
in /var/www/html/protected/controllers/SiteController.php (46)
in /var/www/html/index.php (13)
2015/10/04 09:14:26 [error] [exception.CDbException] exception 'CDbException' with message 'CDbCommand failed to execute the SQL statement: SQLSTATE[HY093]: Invalid parameter number: number of bound variables does not match number of tokens. The SQL statement executed was: SELECT * FROM `db_author` `t` WHERE born = :born. Bound with :name='My_author2', :born='1111'' in /var/www/yii_install/framework/db/CDbCommand.php:543
Stack trace:
#0 /var/www/yii_install/framework/db/CDbCommand.php(396): CDbCommand->queryInternal('fetchAll', Array, Array)
#1 /var/www/yii_install/framework/db/ar/CActiveRecord.php(1356): CDbCommand->queryAll()
#2 /var/www/yii_install/framework/db/ar/CActiveRecord.php(1475): CActiveRecord->query(Object(CDbCriteria), true)
#3 /var/www/html/protected/controllers/SiteController.php(84): CActiveRecord->findAll(Object(CDbCriteria))
#4 /var/www/html/protected/controllers/SiteController.php(46): SiteController->delete('My_author2', '1111', '', '')
#5 /var/www/yii_install/framework/web/actions/CInlineAction.php(49): SiteController->actionIndex()
#6 /var/www/yii_install/framework/web/CController.php(308): CInlineAction->runWithParams(Array)
#7 /var/www/yii_install/framework/web/CController.php(286): CController->runAction(Object(CInlineAction))
#8 /var/www/yii_install/framework/web/CController.php(265): CController->runActionWithFilters(Object(CInlineAction), Array)
#9 /var/www/yii_install/framework/web/CWebApplication.php(282): CController->run('')
#10 /var/www/yii_install/framework/web/CWebApplication.php(141): CWebApplication->runController('')
#11 /var/www/yii_install/framework/base/CApplication.php(184): CWebApplication->processRequest()
#12 /var/www/html/index.php(13): CApplication->run()
#13 {main}
REQUEST_URI=/
HTTP_REFERER=http://localhost/
---
2015/10/04 09:38:08 [error] [php] Attempt to assign property of non-object (/var/www/html/protected/controllers/SiteController.php:106)
Stack trace:
#0 /var/www/yii_install/framework/web/CController.php(308): CInlineAction->runWithParams()
#1 /var/www/yii_install/framework/web/CController.php(286): SiteController->runAction()
#2 /var/www/yii_install/framework/web/CController.php(265): SiteController->runActionWithFilters()
#3 /var/www/yii_install/framework/web/CWebApplication.php(282): SiteController->run()
#4 /var/www/yii_install/framework/web/CWebApplication.php(141): CWebApplication->runController()
#5 /var/www/yii_install/framework/base/CApplication.php(184): CWebApplication->processRequest()
#6 /var/www/html/index.php(13): CWebApplication->run()
REQUEST_URI=/
in /var/www/html/protected/controllers/SiteController.php (106)
in /var/www/html/protected/controllers/SiteController.php (50)
in /var/www/html/index.php (13)
2015/10/14 12:13:26 [error] [exception.CHttpException.404] exception 'CHttpException' with message 'The system is unable to find the requested action "database".' in /var/www/yii_install/framework/web/CController.php:483
Stack trace:
#0 /var/www/yii_install/framework/web/CController.php(270): CController->missingAction('database')
#1 /var/www/yii_install/framework/web/CWebApplication.php(282): CController->run('database')
#2 /var/www/yii_install/framework/web/CWebApplication.php(141): CWebApplication->runController('site/database')
#3 /var/www/yii_install/framework/base/CApplication.php(184): CWebApplication->processRequest()
#4 /var/www/html/index.php(13): CApplication->run()
#5 {main}
REQUEST_URI=/index.php?r=site/database&view=edit
HTTP_REFERER=http://localhost/index.php?r=site/index
---
2015/10/14 12:17:04 [error] [exception.CHttpException.404] exception 'CHttpException' with message 'The system is unable to find the requested action "database".' in /var/www/yii_install/framework/web/CController.php:483
Stack trace:
#0 /var/www/yii_install/framework/web/CController.php(270): CController->missingAction('database')
#1 /var/www/yii_install/framework/web/CWebApplication.php(282): CController->run('database')
#2 /var/www/yii_install/framework/web/CWebApplication.php(141): CWebApplication->runController('site/database')
#3 /var/www/yii_install/framework/base/CApplication.php(184): CWebApplication->processRequest()
#4 /var/www/html/index.php(13): CApplication->run()
#5 {main}
REQUEST_URI=/index.php?r=site/database&view=edit
HTTP_REFERER=http://localhost/index.php?r=site/index
---
2015/10/14 12:17:33 [error] [exception.CHttpException.404] exception 'CHttpException' with message 'The requested view "edit" was not found.' in /var/www/yii_install/framework/web/actions/CViewAction.php:112
Stack trace:
#0 /var/www/yii_install/framework/web/actions/CViewAction.php(123): CViewAction->resolveView('edit')
#1 /var/www/yii_install/framework/web/actions/CAction.php(76): CViewAction->run()
#2 /var/www/yii_install/framework/web/CController.php(308): CAction->runWithParams(Array)
#3 /var/www/yii_install/framework/web/CController.php(286): CController->runAction(Object(CViewAction))
#4 /var/www/yii_install/framework/web/CController.php(265): CController->runActionWithFilters(Object(CViewAction), Array)
#5 /var/www/yii_install/framework/web/CWebApplication.php(282): CController->run('page')
#6 /var/www/yii_install/framework/web/CWebApplication.php(141): CWebApplication->runController('site/page')
#7 /var/www/yii_install/framework/base/CApplication.php(184): CWebApplication->processRequest()
#8 /var/www/html/index.php(13): CApplication->run()
#9 {main}
REQUEST_URI=/index.php?r=site/page&view=edit
HTTP_REFERER=http://localhost/index.php?r=site/index
---
2015/10/16 19:26:45 [error] [exception.CHttpException.404] exception 'CHttpException' with message 'The system is unable to find the requested action "author".' in /var/www/yii_install/framework/web/CController.php:483
Stack trace:
#0 /var/www/yii_install/framework/web/CController.php(270): CController->missingAction('author')
#1 /var/www/yii_install/framework/web/CWebApplication.php(282): CController->run('author')
#2 /var/www/yii_install/framework/web/CWebApplication.php(141): CWebApplication->runController('site/author')
#3 /var/www/yii_install/framework/base/CApplication.php(184): CWebApplication->processRequest()
#4 /var/www/html/index.php(13): CApplication->run()
#5 {main}
REQUEST_URI=/index.php?r=site/author&view=index
HTTP_REFERER=http://localhost/
---
2015/10/16 19:27:23 [error] [exception.CHttpException.404] exception 'CHttpException' with message 'The system is unable to find the requested action "author".' in /var/www/yii_install/framework/web/CController.php:483
Stack trace:
#0 /var/www/yii_install/framework/web/CController.php(270): CController->missingAction('author')
#1 /var/www/yii_install/framework/web/CWebApplication.php(282): CController->run('author')
#2 /var/www/yii_install/framework/web/CWebApplication.php(141): CWebApplication->runController('site/author')
#3 /var/www/yii_install/framework/base/CApplication.php(184): CWebApplication->processRequest()
#4 /var/www/html/index.php(13): CApplication->run()
#5 {main}
REQUEST_URI=/index.php?r=site/author&view=index
HTTP_REFERER=http://localhost/index.php?r=site/author&view=index
---
